<?xml version="1.0" encoding="UTF-8"?>
<testsuite name="notquitejava.parser.ParserAstTests" tests="21" skipped="0" failures="0" errors="0" timestamp="2023-03-08T11:27:17" hostname="Marians-MBP" time="0.014">
  <properties/>
  <testcase name="testMultipleArgumetns" classname="notquitejava.parser.ParserAstTests" time="0.006"/>
  <testcase name="testMultipleParameters" classname="notquitejava.parser.ParserAstTests" time="0.0"/>
  <testcase name="testLocalVar" classname="notquitejava.parser.ParserAstTests" time="0.001"/>
  <testcase name="testMultipleClasses" classname="notquitejava.parser.ParserAstTests" time="0.0"/>
  <testcase name="operatorPrecedenceUnaryAndFields" classname="notquitejava.parser.ParserAstTests" time="0.001"/>
  <testcase name="testWhileStmt" classname="notquitejava.parser.ParserAstTests" time="0.0"/>
  <testcase name="testPrint" classname="notquitejava.parser.ParserAstTests" time="0.0"/>
  <testcase name="operatorPrecedenceMethodCallAndArrays" classname="notquitejava.parser.ParserAstTests" time="0.0"/>
  <testcase name="operatorPrecedenceUnary" classname="notquitejava.parser.ParserAstTests" time="0.001"/>
  <testcase name="testMinimalProg" classname="notquitejava.parser.ParserAstTests" time="0.0"/>
  <testcase name="testMultipleFunctions" classname="notquitejava.parser.ParserAstTests" time="0.0"/>
  <testcase name="arrayAccess" classname="notquitejava.parser.ParserAstTests" time="0.001"/>
  <testcase name="testAssignment" classname="notquitejava.parser.ParserAstTests" time="0.0"/>
  <testcase name="arrayLength" classname="notquitejava.parser.ParserAstTests" time="0.0"/>
  <testcase name="testFunctionCall" classname="notquitejava.parser.ParserAstTests" time="0.0"/>
  <testcase name="testFunctionsAndClassesAlternate" classname="notquitejava.parser.ParserAstTests" time="0.0"/>
  <testcase name="operatorPrecedence" classname="notquitejava.parser.ParserAstTests" time="0.0"/>
  <testcase name="testIfStmt" classname="notquitejava.parser.ParserAstTests" time="0.001"/>
  <testcase name="newObjectStatement" classname="notquitejava.parser.ParserAstTests" time="0.0"/>
  <testcase name="operators" classname="notquitejava.parser.ParserAstTests" time="0.001"/>
  <testcase name="operatorAssociativity" classname="notquitejava.parser.ParserAstTests" time="0.0"/>
  <system-out><![CDATA[]]></system-out>
  <system-err><![CDATA[]]></system-err>
</testsuite>
