<?xml version="1.0" encoding="UTF-8"?>
<testsuite name="notquitejava.analysis.FileAnalysisTest" tests="64" skipped="0" failures="0" errors="0" timestamp="2023-03-08T11:27:17" hostname="Marians-MBP" time="0.104">
  <properties/>
  <testcase name="testChecker[testdata/typechecker/ok/NestedVars1.java]" classname="notquitejava.analysis.FileAnalysisTest" time="0.001"/>
  <testcase name="testChecker[testdata/typechecker/ok/MinimalProgram.java]" classname="notquitejava.analysis.FileAnalysisTest" time="0.001"/>
  <testcase name="testChecker[testdata/typechecker/ok/OperatorChainingTest.java]" classname="notquitejava.analysis.FileAnalysisTest" time="0.001"/>
  <testcase name="testChecker[testdata/typechecker/ok/WhileTest.java]" classname="notquitejava.analysis.FileAnalysisTest" time="0.001"/>
  <testcase name="testChecker[testdata/typechecker/ok/Div.java]" classname="notquitejava.analysis.FileAnalysisTest" time="0.001"/>
  <testcase name="testChecker[testdata/typechecker/ok/IfTest.java]" classname="notquitejava.analysis.FileAnalysisTest" time="0.001"/>
  <testcase name="testChecker[testdata/typechecker/ok/Minus.java]" classname="notquitejava.analysis.FileAnalysisTest" time="0.0"/>
  <testcase name="testChecker[testdata/typechecker/ok/OperatorTest.java]" classname="notquitejava.analysis.FileAnalysisTest" time="0.001"/>
  <testcase name="testChecker[testdata/typechecker/ok/MainTest3.java]" classname="notquitejava.analysis.FileAnalysisTest" time="0.001"/>
  <testcase name="testChecker[testdata/typechecker/ok/BlockComments1.java]" classname="notquitejava.analysis.FileAnalysisTest" time="0.0"/>
  <testcase name="testChecker[testdata/typechecker/ok/MainTest.java]" classname="notquitejava.analysis.FileAnalysisTest" time="0.001"/>
  <testcase name="testChecker[testdata/typechecker/ok/NestedVars2.java]" classname="notquitejava.analysis.FileAnalysisTest" time="0.001"/>
  <testcase name="testChecker[testdata/typechecker/ok/IdentifierTest.java]" classname="notquitejava.analysis.FileAnalysisTest" time="0.0"/>
  <testcase name="testChecker[testdata/typechecker/ok/MainTest2.java]" classname="notquitejava.analysis.FileAnalysisTest" time="0.0"/>
  <testcase name="testChecker[testdata/typechecker/error/BinopTest-err8.java]" classname="notquitejava.analysis.FileAnalysisTest" time="0.001"/>
  <testcase name="testChecker[testdata/typechecker/error/BoolTest-err.java]" classname="notquitejava.analysis.FileAnalysisTest" time="0.002"/>
  <testcase name="testChecker[testdata/typechecker/error/BinopTest-err4.java]" classname="notquitejava.analysis.FileAnalysisTest" time="0.001"/>
  <testcase name="testChecker[testdata/typechecker/error/BinopTest-err5.java]" classname="notquitejava.analysis.FileAnalysisTest" time="0.001"/>
  <testcase name="testChecker[testdata/typechecker/error/WhileTest-err1.java]" classname="notquitejava.analysis.FileAnalysisTest" time="0.001"/>
  <testcase name="testChecker[testdata/typechecker/error/UnopTest-err.java]" classname="notquitejava.analysis.FileAnalysisTest" time="0.001"/>
  <testcase name="testChecker[testdata/typechecker/error/BinopTest-err9.java]" classname="notquitejava.analysis.FileAnalysisTest" time="0.001"/>
  <testcase name="testChecker[testdata/typechecker/error/IfTest-err1.java]" classname="notquitejava.analysis.FileAnalysisTest" time="0.001"/>
  <testcase name="testChecker[testdata/typechecker/error/BinopTest-err2.java]" classname="notquitejava.analysis.FileAnalysisTest" time="0.001"/>
  <testcase name="testChecker[testdata/typechecker/error/NestedVarsErr1.java]" classname="notquitejava.analysis.FileAnalysisTest" time="0.001"/>
  <testcase name="testChecker[testdata/typechecker/error/IntTest-err.java]" classname="notquitejava.analysis.FileAnalysisTest" time="0.001"/>
  <testcase name="testChecker[testdata/typechecker/error/Div.java]" classname="notquitejava.analysis.FileAnalysisTest" time="0.001"/>
  <testcase name="testChecker[testdata/typechecker/error/BinopTest-err3.java]" classname="notquitejava.analysis.FileAnalysisTest" time="0.001"/>
  <testcase name="testChecker[testdata/typechecker/error/NestedVarsErr2.java]" classname="notquitejava.analysis.FileAnalysisTest" time="0.001"/>
  <testcase name="testChecker[testdata/typechecker/error/BinopTest-err1.java]" classname="notquitejava.analysis.FileAnalysisTest" time="0.0"/>
  <testcase name="testChecker[testdata/typechecker/error/Minus.java]" classname="notquitejava.analysis.FileAnalysisTest" time="0.0"/>
  <testcase name="testChecker[testdata/typechecker/error/AndTest.java]" classname="notquitejava.analysis.FileAnalysisTest" time="0.001"/>
  <testcase name="testChecker[testdata/typechecker/error/BinopTest-err6.java]" classname="notquitejava.analysis.FileAnalysisTest" time="0.001"/>
  <testcase name="testChecker[testdata/typechecker/error/BinopTest-err10.java]" classname="notquitejava.analysis.FileAnalysisTest" time="0.001"/>
  <testcase name="testChecker[testdata/typechecker/error/PrintTest-err.java]" classname="notquitejava.analysis.FileAnalysisTest" time="0.001"/>
  <testcase name="testChecker[testdata/typechecker/error/BinopTest-err7.java]" classname="notquitejava.analysis.FileAnalysisTest" time="0.001"/>
  <testcase name="testChecker[testdata/typechecker/ok/arrays/ArrayOfArraysNull.java]" classname="notquitejava.analysis.FileAnalysisTest" time="0.001"/>
  <testcase name="testChecker[testdata/typechecker/ok/arrays/ArrayTest.java]" classname="notquitejava.analysis.FileAnalysisTest" time="0.001"/>
  <testcase name="testChecker[testdata/typechecker/error/arrays/AssignToInt.java]" classname="notquitejava.analysis.FileAnalysisTest" time="0.001"/>
  <testcase name="testChecker[testdata/typechecker/error/arrays/ArrayTest-err3.java]" classname="notquitejava.analysis.FileAnalysisTest" time="0.001"/>
  <testcase name="testChecker[testdata/typechecker/error/arrays/ArrayTest-err2.java]" classname="notquitejava.analysis.FileAnalysisTest" time="0.001"/>
  <testcase name="testChecker[testdata/typechecker/error/arrays/ArrayTest-err4.java]" classname="notquitejava.analysis.FileAnalysisTest" time="0.001"/>
  <testcase name="testChecker[testdata/typechecker/error/arrays/ArrayTest-err1.java]" classname="notquitejava.analysis.FileAnalysisTest" time="0.001"/>
  <testcase name="testChecker[testdata/typechecker/ok/classes/BinaryTree.java]" classname="notquitejava.analysis.FileAnalysisTest" time="0.005"/>
  <testcase name="testChecker[testdata/typechecker/ok/classes/QuickSort.java]" classname="notquitejava.analysis.FileAnalysisTest" time="0.003"/>
  <testcase name="testChecker[testdata/typechecker/ok/classes/TreeVisitor.java]" classname="notquitejava.analysis.FileAnalysisTest" time="0.007"/>
  <testcase name="testChecker[testdata/typechecker/ok/classes/portfolio_Inheritance_Simple_Test.java]" classname="notquitejava.analysis.FileAnalysisTest" time="0.003"/>
  <testcase name="testChecker[testdata/typechecker/error/classes/ThisTest-err2.java]" classname="notquitejava.analysis.FileAnalysisTest" time="0.001"/>
  <testcase name="testChecker[testdata/typechecker/error/classes/TreeVisitor-error.java]" classname="notquitejava.analysis.FileAnalysisTest" time="0.007"/>
  <testcase name="testChecker[testdata/typechecker/error/classes/portfolio_ClassCycle.java]" classname="notquitejava.analysis.FileAnalysisTest" time="0.013"/>
  <testcase name="testChecker[testdata/typechecker/error/classes/portfolio_DuplicateMethods.java]" classname="notquitejava.analysis.FileAnalysisTest" time="0.002"/>
  <testcase name="testChecker[testdata/typechecker/ok/multidim/Array3.java]" classname="notquitejava.analysis.FileAnalysisTest" time="0.001"/>
  <testcase name="testChecker[testdata/typechecker/ok/multidim/ArrayAcc.java]" classname="notquitejava.analysis.FileAnalysisTest" time="0.0"/>
  <testcase name="testChecker[testdata/typechecker/ok/multidim/Array2.java]" classname="notquitejava.analysis.FileAnalysisTest" time="0.001"/>
  <testcase name="testChecker[testdata/typechecker/ok/multidim/Multi1.java]" classname="notquitejava.analysis.FileAnalysisTest" time="0.001"/>
  <testcase name="testChecker[testdata/typechecker/error/multidim/Array3.java]" classname="notquitejava.analysis.FileAnalysisTest" time="0.001"/>
  <testcase name="testChecker[testdata/typechecker/error/multidim/ArrayAcc.java]" classname="notquitejava.analysis.FileAnalysisTest" time="0.0"/>
  <testcase name="testChecker[testdata/typechecker/error/multidim/ArrayAcc2.java]" classname="notquitejava.analysis.FileAnalysisTest" time="0.001"/>
  <testcase name="testChecker[testdata/typechecker/error/multidim/Array2.java]" classname="notquitejava.analysis.FileAnalysisTest" time="0.001"/>
  <testcase name="testChecker[testdata/typechecker/ok/interfaces/portfolio_InterfaceTest.java]" classname="notquitejava.analysis.FileAnalysisTest" time="0.002"/>
  <testcase name="testChecker[testdata/typechecker/ok/interfaces/portfolio_Interface_CreateClass.java]" classname="notquitejava.analysis.FileAnalysisTest" time="0.001"/>
  <testcase name="testChecker[testdata/typechecker/error/interfaces/portfolio_Interface_UnimplementedFuncs_MultipleInterface.java]" classname="notquitejava.analysis.FileAnalysisTest" time="0.005"/>
  <testcase name="testChecker[testdata/typechecker/error/interfaces/portfolio_Interface_UnimplementedFuncs.java]" classname="notquitejava.analysis.FileAnalysisTest" time="0.001"/>
  <testcase name="testChecker[testdata/typechecker/error/interfaces/portfolio_Interfaces_FuncRedefinition.java]" classname="notquitejava.analysis.FileAnalysisTest" time="0.001"/>
  <testcase name="testChecker[testdata/typechecker/error/interfaces/portfolio_Interface_Creationl.java]" classname="notquitejava.analysis.FileAnalysisTest" time="0.001"/>
  <system-out><![CDATA[]]></system-out>
  <system-err><![CDATA[]]></system-err>
</testsuite>
