<?xml version="1.0" encoding="UTF-8"?>
<testsuite name="notquitejava.parser.FileParsingTest" tests="200" skipped="0" failures="0" errors="0" timestamp="2023-03-08T11:27:17" hostname="Marians-MBP" time="0.283">
  <properties/>
  <testcase name="testParser[testdata/parser/ok/BasicTest.java]" classname="notquitejava.parser.FileParsingTest" time="0.001"/>
  <testcase name="testParser[testdata/parser/ok/PrintConst.java]" classname="notquitejava.parser.FileParsingTest" time="0.001"/>
  <testcase name="testParser[testdata/parser/ok/TPOK_Negate.java]" classname="notquitejava.parser.FileParsingTest" time="0.001"/>
  <testcase name="testParser[testdata/parser/ok/TPOK_Not.java]" classname="notquitejava.parser.FileParsingTest" time="0.001"/>
  <testcase name="testParser[testdata/parser/ok/NotExpr.java]" classname="notquitejava.parser.FileParsingTest" time="0.001"/>
  <testcase name="testParser[testdata/parser/ok/TPOK_ConditionalTrue.java]" classname="notquitejava.parser.FileParsingTest" time="0.001"/>
  <testcase name="testParser[testdata/parser/ok/NegTest.java]" classname="notquitejava.parser.FileParsingTest" time="0.0"/>
  <testcase name="testParser[testdata/parser/ok/WhileVar.java]" classname="notquitejava.parser.FileParsingTest" time="0.0"/>
  <testcase name="testParser[testdata/parser/ok/IntTest.java]" classname="notquitejava.parser.FileParsingTest" time="0.002"/>
  <testcase name="testParser[testdata/parser/ok/PrintTest.java]" classname="notquitejava.parser.FileParsingTest" time="0.001"/>
  <testcase name="testParser[testdata/parser/ok/BinopTest.java]" classname="notquitejava.parser.FileParsingTest" time="0.001"/>
  <testcase name="testParser[testdata/parser/ok/FieldAccessWithParenthesis.java]" classname="notquitejava.parser.FileParsingTest" time="0.0"/>
  <testcase name="testParser[testdata/parser/ok/TPOK_ConditionalMoreMore.java]" classname="notquitejava.parser.FileParsingTest" time="0.0"/>
  <testcase name="testParser[testdata/parser/ok/EmptyProgram.java]" classname="notquitejava.parser.FileParsingTest" time="0.001"/>
  <testcase name="testParser[testdata/parser/ok/Add5To3.java]" classname="notquitejava.parser.FileParsingTest" time="0.001"/>
  <testcase name="testParser[testdata/parser/ok/MinimalProgram.java]" classname="notquitejava.parser.FileParsingTest" time="0.001"/>
  <testcase name="testParser[testdata/parser/ok/TPOK_substraction.java]" classname="notquitejava.parser.FileParsingTest" time="0.001"/>
  <testcase name="testParser[testdata/parser/ok/2-Add.java]" classname="notquitejava.parser.FileParsingTest" time="0.002"/>
  <testcase name="testParser[testdata/parser/ok/TPOK_And.java]" classname="notquitejava.parser.FileParsingTest" time="0.001"/>
  <testcase name="testParser[testdata/parser/ok/OperatorChainingTest.java]" classname="notquitejava.parser.FileParsingTest" time="0.001"/>
  <testcase name="testParser[testdata/parser/ok/WhileTest.java]" classname="notquitejava.parser.FileParsingTest" time="0.0"/>
  <testcase name="testParser[testdata/parser/ok/IfTrue.java]" classname="notquitejava.parser.FileParsingTest" time="0.001"/>
  <testcase name="testParser[testdata/parser/ok/TPOK_Addition.java]" classname="notquitejava.parser.FileParsingTest" time="0.001"/>
  <testcase name="testParser[testdata/parser/ok/UnopTest.java]" classname="notquitejava.parser.FileParsingTest" time="0.0"/>
  <testcase name="testParser[testdata/parser/ok/TPOK_ConditionalMore.java]" classname="notquitejava.parser.FileParsingTest" time="0.001"/>
  <testcase name="testParser[testdata/parser/ok/IfTest.java]" classname="notquitejava.parser.FileParsingTest" time="0.001"/>
  <testcase name="testParser[testdata/parser/ok/MulAdd.java]" classname="notquitejava.parser.FileParsingTest" time="0.001"/>
  <testcase name="testParser[testdata/parser/ok/MainLocals.java]" classname="notquitejava.parser.FileParsingTest" time="0.003"/>
  <testcase name="testParser[testdata/parser/ok/AssignLocal.java]" classname="notquitejava.parser.FileParsingTest" time="0.0"/>
  <testcase name="testParser[testdata/parser/ok/ConstructoCall.java]" classname="notquitejava.parser.FileParsingTest" time="0.0"/>
  <testcase name="testParser[testdata/parser/ok/MultipleFunctions.java]" classname="notquitejava.parser.FileParsingTest" time="0.0"/>
  <testcase name="testParser[testdata/parser/ok/BasicArithmetic.java]" classname="notquitejava.parser.FileParsingTest" time="0.001"/>
  <testcase name="testParser[testdata/parser/ok/WhileFalseVar.java]" classname="notquitejava.parser.FileParsingTest" time="0.001"/>
  <testcase name="testParser[testdata/parser/ok/TPOK_While.java]" classname="notquitejava.parser.FileParsingTest" time="0.0"/>
  <testcase name="testParser[testdata/parser/ok/IfAnd.java]" classname="notquitejava.parser.FileParsingTest" time="0.001"/>
  <testcase name="testParser[testdata/parser/ok/AndExpression.java]" classname="notquitejava.parser.FileParsingTest" time="0.001"/>
  <testcase name="testParser[testdata/parser/ok/OperatorTest.java]" classname="notquitejava.parser.FileParsingTest" time="0.0"/>
  <testcase name="testParser[testdata/parser/ok/IfFalse.java]" classname="notquitejava.parser.FileParsingTest" time="0.0"/>
  <testcase name="testParser[testdata/parser/ok/AndTest.java]" classname="notquitejava.parser.FileParsingTest" time="0.001"/>
  <testcase name="testParser[testdata/parser/ok/MainTest3.java]" classname="notquitejava.parser.FileParsingTest" time="0.001"/>
  <testcase name="testParser[testdata/parser/ok/WhileFalse.java]" classname="notquitejava.parser.FileParsingTest" time="0.001"/>
  <testcase name="testParser[testdata/parser/ok/IfLessTest.java]" classname="notquitejava.parser.FileParsingTest" time="0.001"/>
  <testcase name="testParser[testdata/parser/ok/BlockComments1.java]" classname="notquitejava.parser.FileParsingTest" time="0.001"/>
  <testcase name="testParser[testdata/parser/ok/MainTest.java]" classname="notquitejava.parser.FileParsingTest" time="0.0"/>
  <testcase name="testParser[testdata/parser/ok/BoolTest.java]" classname="notquitejava.parser.FileParsingTest" time="0.0"/>
  <testcase name="testParser[testdata/parser/ok/SimpleNot.java]" classname="notquitejava.parser.FileParsingTest" time="0.001"/>
  <testcase name="testParser[testdata/parser/ok/If.java]" classname="notquitejava.parser.FileParsingTest" time="0.001"/>
  <testcase name="testParser[testdata/parser/ok/TPOK_Boolean.java]" classname="notquitejava.parser.FileParsingTest" time="0.0"/>
  <testcase name="testParser[testdata/parser/ok/TPOK_EmptyProgram.java]" classname="notquitejava.parser.FileParsingTest" time="0.001"/>
  <testcase name="testParser[testdata/parser/ok/IdentifierTest.java]" classname="notquitejava.parser.FileParsingTest" time="0.0"/>
  <testcase name="testParser[testdata/parser/ok/MainTest2.java]" classname="notquitejava.parser.FileParsingTest" time="0.0"/>
  <testcase name="testParser[testdata/parser/ok/WhileAnd.java]" classname="notquitejava.parser.FileParsingTest" time="0.001"/>
  <testcase name="testParser[testdata/parser/ok/TPOK_ConditionalFalse.java]" classname="notquitejava.parser.FileParsingTest" time="0.001"/>
  <testcase name="testParser[testdata/parser/ok/TPOK_While2.java]" classname="notquitejava.parser.FileParsingTest" time="0.001"/>
  <testcase name="testParser[testdata/parser/ok/TPOK_Autput.java]" classname="notquitejava.parser.FileParsingTest" time="0.001"/>
  <testcase name="testParser[testdata/parser/ok/1-PrintLiteral.java]" classname="notquitejava.parser.FileParsingTest" time="0.0"/>
  <testcase name="testParser[testdata/parser/error/BadBlockComments3.java]" classname="notquitejava.parser.FileParsingTest" time="0.002"/>
  <testcase name="testParser[testdata/parser/error/BadAssignmentErrorNested.java]" classname="notquitejava.parser.FileParsingTest" time="0.002"/>
  <testcase name="testParser[testdata/parser/error/MissingClosingBrace.java]" classname="notquitejava.parser.FileParsingTest" time="0.001"/>
  <testcase name="testParser[testdata/parser/error/BadAssignmentError.java]" classname="notquitejava.parser.FileParsingTest" time="0.001"/>
  <testcase name="testParser[testdata/parser/error/BadBlockComments2.java]" classname="notquitejava.parser.FileParsingTest" time="0.001"/>
  <testcase name="testParser[testdata/parser/error/BadBlockComments1.java]" classname="notquitejava.parser.FileParsingTest" time="0.001"/>
  <testcase name="testParser[testdata/parser/error/UnclosedParameterList.java]" classname="notquitejava.parser.FileParsingTest" time="0.001"/>
  <testcase name="testParser[testdata/parser/error/NestedFunctions.java]" classname="notquitejava.parser.FileParsingTest" time="0.001"/>
  <testcase name="testParser[testdata/parser/ok/arrays/ArrayOfArraysNull.java]" classname="notquitejava.parser.FileParsingTest" time="0.001"/>
  <testcase name="testParser[testdata/parser/ok/arrays/ArrayAcc.java]" classname="notquitejava.parser.FileParsingTest" time="0.001"/>
  <testcase name="testParser[testdata/parser/ok/arrays/MultiarrayTest-3.java]" classname="notquitejava.parser.FileParsingTest" time="0.001"/>
  <testcase name="testParser[testdata/parser/ok/arrays/ArrayOkSize0.java]" classname="notquitejava.parser.FileParsingTest" time="0.001"/>
  <testcase name="testParser[testdata/parser/ok/arrays/TPOK_ArrayAllocStore.java]" classname="notquitejava.parser.FileParsingTest" time="0.001"/>
  <testcase name="testParser[testdata/parser/ok/arrays/TPOK_ArrayAlloc2.java]" classname="notquitejava.parser.FileParsingTest" time="0.001"/>
  <testcase name="testParser[testdata/parser/ok/arrays/MultiarrayTest-2.java]" classname="notquitejava.parser.FileParsingTest" time="0.0"/>
  <testcase name="testParser[testdata/parser/ok/arrays/TPF_ArrayStoreNeg.java]" classname="notquitejava.parser.FileParsingTest" time="0.001"/>
  <testcase name="testParser[testdata/parser/ok/arrays/TPOK_ArrayLength.java]" classname="notquitejava.parser.FileParsingTest" time="0.001"/>
  <testcase name="testParser[testdata/parser/ok/arrays/ArrayTest.java]" classname="notquitejava.parser.FileParsingTest" time="0.0"/>
  <testcase name="testParser[testdata/parser/ok/arrays/TPF_ArrayLookPos.java]" classname="notquitejava.parser.FileParsingTest" time="0.001"/>
  <testcase name="testParser[testdata/parser/ok/arrays/WhileTrue.java]" classname="notquitejava.parser.FileParsingTest" time="0.001"/>
  <testcase name="testParser[testdata/parser/ok/arrays/ArrayErrorWritePastBeginning.java]" classname="notquitejava.parser.FileParsingTest" time="0.001"/>
  <testcase name="testParser[testdata/parser/ok/arrays/ArrayErrorReadPastEnd.java]" classname="notquitejava.parser.FileParsingTest" time="0.001"/>
  <testcase name="testParser[testdata/parser/ok/arrays/ArrayErrorReadPastBeginning.java]" classname="notquitejava.parser.FileParsingTest" time="0.001"/>
  <testcase name="testParser[testdata/parser/ok/arrays/TPF_ArrayAlloc .java]" classname="notquitejava.parser.FileParsingTest" time="0.0"/>
  <testcase name="testParser[testdata/parser/ok/arrays/TPF_ArrayLoadNeg.java]" classname="notquitejava.parser.FileParsingTest" time="0.001"/>
  <testcase name="testParser[testdata/parser/ok/arrays/TPOK_ArrayDirect.java]" classname="notquitejava.parser.FileParsingTest" time="0.001"/>
  <testcase name="testParser[testdata/parser/ok/arrays/ArrayOk.java]" classname="notquitejava.parser.FileParsingTest" time="0.001"/>
  <testcase name="testParser[testdata/parser/ok/arrays/MultiarrayTest-1.java]" classname="notquitejava.parser.FileParsingTest" time="0.001"/>
  <testcase name="testParser[testdata/parser/ok/arrays/ArraySize.java]" classname="notquitejava.parser.FileParsingTest" time="0.0"/>
  <testcase name="testParser[testdata/parser/ok/arrays/ArrayErrorWritePastEnd.java]" classname="notquitejava.parser.FileParsingTest" time="0.002"/>
  <testcase name="testParser[testdata/parser/ok/arrays/TPF_ArrayLookNeg.java]" classname="notquitejava.parser.FileParsingTest" time="0.001"/>
  <testcase name="testParser[testdata/parser/ok/arrays/TPOK_ArrayAlloc.java]" classname="notquitejava.parser.FileParsingTest" time="0.001"/>
  <testcase name="testParser[testdata/parser/ok/arrays/ArrayErrorAllocNegative.java]" classname="notquitejava.parser.FileParsingTest" time="0.001"/>
  <testcase name="testParser[testdata/parser/error/arrays/MultiarrayTest-bad1.java]" classname="notquitejava.parser.FileParsingTest" time="0.001"/>
  <testcase name="testParser[testdata/parser/ok/classes/Scope2.java]" classname="notquitejava.parser.FileParsingTest" time="0.001"/>
  <testcase name="testParser[testdata/parser/ok/classes/Example4.java]" classname="notquitejava.parser.FileParsingTest" time="0.001"/>
  <testcase name="testParser[testdata/parser/ok/classes/ArrayBounds.java]" classname="notquitejava.parser.FileParsingTest" time="0.002"/>
  <testcase name="testParser[testdata/parser/ok/classes/NewtonOO.java]" classname="notquitejava.parser.FileParsingTest" time="0.004"/>
  <testcase name="testParser[testdata/parser/ok/classes/Arrays2.java]" classname="notquitejava.parser.FileParsingTest" time="0.001"/>
  <testcase name="testParser[testdata/parser/ok/classes/WhileLoop.java]" classname="notquitejava.parser.FileParsingTest" time="0.001"/>
  <testcase name="testParser[testdata/parser/ok/classes/QuickSortOO.java]" classname="notquitejava.parser.FileParsingTest" time="0.004"/>
  <testcase name="testParser[testdata/parser/ok/classes/ParamTest2.java]" classname="notquitejava.parser.FileParsingTest" time="0.001"/>
  <testcase name="testParser[testdata/parser/ok/classes/Wurst.java]" classname="notquitejava.parser.FileParsingTest" time="0.002"/>
  <testcase name="testParser[testdata/parser/ok/classes/LinkedList.java]" classname="notquitejava.parser.FileParsingTest" time="0.004"/>
  <testcase name="testParser[testdata/parser/ok/classes/MethodTest3.java]" classname="notquitejava.parser.FileParsingTest" time="0.001"/>
  <testcase name="testParser[testdata/parser/ok/classes/MethodTest2.java]" classname="notquitejava.parser.FileParsingTest" time="0.001"/>
  <testcase name="testParser[testdata/parser/ok/classes/TPOK_MethodSetGet.java]" classname="notquitejava.parser.FileParsingTest" time="0.001"/>
  <testcase name="testParser[testdata/parser/ok/classes/TrivialClass.java]" classname="notquitejava.parser.FileParsingTest" time="0.001"/>
  <testcase name="testParser[testdata/parser/ok/classes/ThisOne.java]" classname="notquitejava.parser.FileParsingTest" time="0.001"/>
  <testcase name="testParser[testdata/parser/ok/classes/ParamTest3.java]" classname="notquitejava.parser.FileParsingTest" time="0.001"/>
  <testcase name="testParser[testdata/parser/ok/classes/InheritedFields.java]" classname="notquitejava.parser.FileParsingTest" time="0.003"/>
  <testcase name="testParser[testdata/parser/ok/classes/Stck.java]" classname="notquitejava.parser.FileParsingTest" time="0.001"/>
  <testcase name="testParser[testdata/parser/ok/classes/TestFieldAccess.java]" classname="notquitejava.parser.FileParsingTest" time="0.002"/>
  <testcase name="testParser[testdata/parser/ok/classes/This.java]" classname="notquitejava.parser.FileParsingTest" time="0.001"/>
  <testcase name="testParser[testdata/parser/ok/classes/While.java]" classname="notquitejava.parser.FileParsingTest" time="0.001"/>
  <testcase name="testParser[testdata/parser/ok/classes/MDeclTest.java]" classname="notquitejava.parser.FileParsingTest" time="0.001"/>
  <testcase name="testParser[testdata/parser/ok/classes/TPOK_Inheritance.java]" classname="notquitejava.parser.FileParsingTest" time="0.0"/>
  <testcase name="testParser[testdata/parser/ok/classes/4-Vars.java]" classname="notquitejava.parser.FileParsingTest" time="0.001"/>
  <testcase name="testParser[testdata/parser/ok/classes/BinaryTree.java]" classname="notquitejava.parser.FileParsingTest" time="0.004"/>
  <testcase name="testParser[testdata/parser/ok/classes/TPOK_MethodBoolean.java]" classname="notquitejava.parser.FileParsingTest" time="0.001"/>
  <testcase name="testParser[testdata/parser/ok/classes/TPOK_MethodCall2.java]" classname="notquitejava.parser.FileParsingTest" time="0.001"/>
  <testcase name="testParser[testdata/parser/ok/classes/VarTest.java]" classname="notquitejava.parser.FileParsingTest" time="0.001"/>
  <testcase name="testParser[testdata/parser/ok/classes/FieldAccessTest.java]" classname="notquitejava.parser.FileParsingTest" time="0.001"/>
  <testcase name="testParser[testdata/parser/ok/classes/Graph.java]" classname="notquitejava.parser.FileParsingTest" time="0.002"/>
  <testcase name="testParser[testdata/parser/ok/classes/MethodTest5.java]" classname="notquitejava.parser.FileParsingTest" time="0.001"/>
  <testcase name="testParser[testdata/parser/ok/classes/QuickSort.java]" classname="notquitejava.parser.FileParsingTest" time="0.001"/>
  <testcase name="testParser[testdata/parser/ok/classes/TestEq.java]" classname="notquitejava.parser.FileParsingTest" time="0.001"/>
  <testcase name="testParser[testdata/parser/ok/classes/MethodDeclTest.java]" classname="notquitejava.parser.FileParsingTest" time="0.001"/>
  <testcase name="testParser[testdata/parser/ok/classes/ManyArgs.java]" classname="notquitejava.parser.FileParsingTest" time="0.002"/>
  <testcase name="testParser[testdata/parser/ok/classes/ClassPrint.java]" classname="notquitejava.parser.FileParsingTest" time="0.0"/>
  <testcase name="testParser[testdata/parser/ok/classes/ClassTest.java]" classname="notquitejava.parser.FileParsingTest" time="0.0"/>
  <testcase name="testParser[testdata/parser/ok/classes/VarTest2.java]" classname="notquitejava.parser.FileParsingTest" time="0.001"/>
  <testcase name="testParser[testdata/parser/ok/classes/ArrayErrorLengthNullPointer.java]" classname="notquitejava.parser.FileParsingTest" time="0.001"/>
  <testcase name="testParser[testdata/parser/ok/classes/Example3.java]" classname="notquitejava.parser.FileParsingTest" time="0.001"/>
  <testcase name="testParser[testdata/parser/ok/classes/MethodTest4.java]" classname="notquitejava.parser.FileParsingTest" time="0.002"/>
  <testcase name="testParser[testdata/parser/ok/classes/Shapes.java]" classname="notquitejava.parser.FileParsingTest" time="0.001"/>
  <testcase name="testParser[testdata/parser/ok/classes/Fib.java]" classname="notquitejava.parser.FileParsingTest" time="0.001"/>
  <testcase name="testParser[testdata/parser/ok/classes/Sum.java]" classname="notquitejava.parser.FileParsingTest" time="0.001"/>
  <testcase name="testParser[testdata/parser/ok/classes/3-Call.java]" classname="notquitejava.parser.FileParsingTest" time="0.001"/>
  <testcase name="testParser[testdata/parser/ok/classes/OverrideTest.java]" classname="notquitejava.parser.FileParsingTest" time="0.001"/>
  <testcase name="testParser[testdata/parser/ok/classes/LinearSearch.java]" classname="notquitejava.parser.FileParsingTest" time="0.003"/>
  <testcase name="testParser[testdata/parser/ok/classes/testPEverything.java]" classname="notquitejava.parser.FileParsingTest" time="0.002"/>
  <testcase name="testParser[testdata/parser/ok/classes/PrecedenceTest3.java]" classname="notquitejava.parser.FileParsingTest" time="0.0"/>
  <testcase name="testParser[testdata/parser/ok/classes/Primes.java]" classname="notquitejava.parser.FileParsingTest" time="0.003"/>
  <testcase name="testParser[testdata/parser/ok/classes/TPOK_MethodCall.java]" classname="notquitejava.parser.FileParsingTest" time="0.0"/>
  <testcase name="testParser[testdata/parser/ok/classes/Override.java]" classname="notquitejava.parser.FileParsingTest" time="0.001"/>
  <testcase name="testParser[testdata/parser/ok/classes/ArrayErrorReadNullPointer.java]" classname="notquitejava.parser.FileParsingTest" time="0.001"/>
  <testcase name="testParser[testdata/parser/ok/classes/MethodCallOnNull.java]" classname="notquitejava.parser.FileParsingTest" time="0.001"/>
  <testcase name="testParser[testdata/parser/ok/classes/Graph2.java]" classname="notquitejava.parser.FileParsingTest" time="0.002"/>
  <testcase name="testParser[testdata/parser/ok/classes/WhileSide.java]" classname="notquitejava.parser.FileParsingTest" time="0.001"/>
  <testcase name="testParser[testdata/parser/ok/classes/TPOK_ClassInstantiate.java]" classname="notquitejava.parser.FileParsingTest" time="0.001"/>
  <testcase name="testParser[testdata/parser/ok/classes/UninitializedFields.java]" classname="notquitejava.parser.FileParsingTest" time="0.0"/>
  <testcase name="testParser[testdata/parser/ok/classes/VarDeclTest.java]" classname="notquitejava.parser.FileParsingTest" time="0.001"/>
  <testcase name="testParser[testdata/parser/ok/classes/ThisTest.java]" classname="notquitejava.parser.FileParsingTest" time="0.001"/>
  <testcase name="testParser[testdata/parser/ok/classes/AllocObj.java]" classname="notquitejava.parser.FileParsingTest" time="0.001"/>
  <testcase name="testParser[testdata/parser/ok/classes/Effects.java]" classname="notquitejava.parser.FileParsingTest" time="0.001"/>
  <testcase name="testParser[testdata/parser/ok/classes/MoreThan4.java]" classname="notquitejava.parser.FileParsingTest" time="0.001"/>
  <testcase name="testParser[testdata/parser/ok/classes/PrecedenceTest.java]" classname="notquitejava.parser.FileParsingTest" time="0.001"/>
  <testcase name="testParser[testdata/parser/ok/classes/Newton.java]" classname="notquitejava.parser.FileParsingTest" time="0.003"/>
  <testcase name="testParser[testdata/parser/ok/classes/TestX.java]" classname="notquitejava.parser.FileParsingTest" time="0.002"/>
  <testcase name="testParser[testdata/parser/ok/classes/ArrayAccess2.java]" classname="notquitejava.parser.FileParsingTest" time="0.001"/>
  <testcase name="testParser[testdata/parser/ok/classes/Inherit.java]" classname="notquitejava.parser.FileParsingTest" time="0.001"/>
  <testcase name="testParser[testdata/parser/ok/classes/Factorial.java]" classname="notquitejava.parser.FileParsingTest" time="0.001"/>
  <testcase name="testParser[testdata/parser/ok/classes/PrecedenceTest2.java]" classname="notquitejava.parser.FileParsingTest" time="0.001"/>
  <testcase name="testParser[testdata/parser/ok/classes/TreeVisitor.java]" classname="notquitejava.parser.FileParsingTest" time="0.003"/>
  <testcase name="testParser[testdata/parser/ok/classes/6-MaxArray.java]" classname="notquitejava.parser.FileParsingTest" time="0.001"/>
  <testcase name="testParser[testdata/parser/ok/classes/ShortCutAnd.java]" classname="notquitejava.parser.FileParsingTest" time="0.001"/>
  <testcase name="testParser[testdata/parser/ok/classes/TPOK_ClassDecl.java]" classname="notquitejava.parser.FileParsingTest" time="0.001"/>
  <testcase name="testParser[testdata/parser/ok/classes/5-OutOfBounds.java]" classname="notquitejava.parser.FileParsingTest" time="0.001"/>
  <testcase name="testParser[testdata/parser/ok/classes/ExtendsTest.java]" classname="notquitejava.parser.FileParsingTest" time="0.0"/>
  <testcase name="testParser[testdata/parser/ok/classes/TPOK_MethodDecl.java]" classname="notquitejava.parser.FileParsingTest" time="0.0"/>
  <testcase name="testParser[testdata/parser/ok/classes/OverrideTest3.java]" classname="notquitejava.parser.FileParsingTest" time="0.001"/>
  <testcase name="testParser[testdata/parser/ok/classes/MethodInvokeTest.java]" classname="notquitejava.parser.FileParsingTest" time="0.001"/>
  <testcase name="testParser[testdata/parser/ok/classes/GameOfLife10.java]" classname="notquitejava.parser.FileParsingTest" time="0.032"/>
  <testcase name="testParser[testdata/parser/ok/classes/AllocTest.java]" classname="notquitejava.parser.FileParsingTest" time="0.0"/>
  <testcase name="testParser[testdata/parser/ok/classes/ArrayAccess.java]" classname="notquitejava.parser.FileParsingTest" time="0.001"/>
  <testcase name="testParser[testdata/parser/ok/classes/BinarySearch.java]" classname="notquitejava.parser.FileParsingTest" time="0.001"/>
  <testcase name="testParser[testdata/parser/ok/classes/MethodTest.java]" classname="notquitejava.parser.FileParsingTest" time="0.0"/>
  <testcase name="testParser[testdata/parser/ok/classes/Arrays.java]" classname="notquitejava.parser.FileParsingTest" time="0.001"/>
  <testcase name="testParser[testdata/parser/ok/classes/TPF_ArrayLookUninst.java]" classname="notquitejava.parser.FileParsingTest" time="0.0"/>
  <testcase name="testParser[testdata/parser/ok/classes/BubbleSort.java]" classname="notquitejava.parser.FileParsingTest" time="0.001"/>
  <testcase name="testParser[testdata/parser/ok/classes/PrecedenceTest4.java]" classname="notquitejava.parser.FileParsingTest" time="0.0"/>
  <testcase name="testParser[testdata/parser/ok/classes/NewTest2.java]" classname="notquitejava.parser.FileParsingTest" time="0.001"/>
  <testcase name="testParser[testdata/parser/ok/classes/PrimesOO.java]" classname="notquitejava.parser.FileParsingTest" time="0.003"/>
  <testcase name="testParser[testdata/parser/ok/classes/Scopes.java]" classname="notquitejava.parser.FileParsingTest" time="0.001"/>
  <testcase name="testParser[testdata/parser/ok/classes/NewTest.java]" classname="notquitejava.parser.FileParsingTest" time="0.001"/>
  <testcase name="testParser[testdata/parser/ok/classes/TPOK_Inheritance2.java]" classname="notquitejava.parser.FileParsingTest" time="0.001"/>
  <testcase name="testParser[testdata/parser/ok/classes/EulerOO.java]" classname="notquitejava.parser.FileParsingTest" time="0.001"/>
  <testcase name="testParser[testdata/parser/ok/classes/InstanceMethodCall.java]" classname="notquitejava.parser.FileParsingTest" time="0.001"/>
  <testcase name="testParser[testdata/parser/ok/classes/OverrideTest2.java]" classname="notquitejava.parser.FileParsingTest" time="0.001"/>
  <testcase name="testParser[testdata/parser/ok/classes/Euler.java]" classname="notquitejava.parser.FileParsingTest" time="0.002"/>
  <testcase name="testParser[testdata/parser/ok/classes/FibL.java]" classname="notquitejava.parser.FileParsingTest" time="0.002"/>
  <testcase name="testParser[testdata/parser/ok/classes/TPF_ArrayStorePos.java]" classname="notquitejava.parser.FileParsingTest" time="0.001"/>
  <testcase name="testParser[testdata/parser/ok/classes/ArrayErrorWriteNullPointer.java]" classname="notquitejava.parser.FileParsingTest" time="0.0"/>
  <testcase name="testParser[testdata/parser/ok/classes/ParamTest.java]" classname="notquitejava.parser.FileParsingTest" time="0.001"/>
  <testcase name="testParser[testdata/parser/error/classes/QuickSort-error.java]" classname="notquitejava.parser.FileParsingTest" time="0.002"/>
  <testcase name="testParser[testdata/parser/error/classes/LinearSearch-error.java]" classname="notquitejava.parser.FileParsingTest" time="0.002"/>
  <testcase name="testParser[testdata/parser/error/classes/MoreThan4-error.java]" classname="notquitejava.parser.FileParsingTest" time="0.002"/>
  <testcase name="testParser[testdata/parser/error/classes/Factorial-error.java]" classname="notquitejava.parser.FileParsingTest" time="0.0"/>
  <testcase name="testParser[testdata/parser/error/classes/LinkedList-error.java]" classname="notquitejava.parser.FileParsingTest" time="0.004"/>
  <testcase name="testParser[testdata/parser/error/classes/BubbleSort-error.java]" classname="notquitejava.parser.FileParsingTest" time="0.002"/>
  <testcase name="testParser[testdata/parser/error/classes/BinaryTree-error.java]" classname="notquitejava.parser.FileParsingTest" time="0.002"/>
  <testcase name="testParser[testdata/parser/ok/interfaces/portfolio_InterfaceTest.java]" classname="notquitejava.parser.FileParsingTest" time="0.001"/>
  <testcase name="testParser[testdata/parser/error/interfaces/portfolio_interfaceWithVariable.java]" classname="notquitejava.parser.FileParsingTest" time="0.001"/>
  <system-out><![CDATA[]]></system-out>
  <system-err><![CDATA[]]></system-err>
</testsuite>
